<?xml version="1.0" encoding="utf-8"?><testsuites name="pytest tests"><testsuite name="pytest" errors="0" failures="2" skipped="0" tests="32" time="28.070" timestamp="2026-09-12T12:39:02.559962+00:00" hostname="agent-env-068f7917-0e02-4464-a6ea-d6d698507dc6"><testcase classname="backend.tests.test_agrismart.TestAuth" name="test_login_returns_role_and_language" time="9.764" /><testcase classname="backend.tests.test_agrismart.TestAuth" name="test_me" time="0.487" /><testcase classname="backend.tests.test_agrismart.TestAuth" name="test_update_language_valid" time="0.292" /><testcase classname="backend.tests.test_agrismart.TestAuth" name="test_update_language_invalid" time="0.149" /><testcase classname="backend.tests.test_agrismart.TestAuth" name="test_register_officer" time="0.386" /><testcase classname="backend.tests.test_agrismart.TestAuth" name="test_register_admin_downgraded" time="0.341" /><testcase classname="backend.tests.test_agrismart.TestAuth" name="test_invalid_token" time="0.149" /><testcase classname="backend.tests.test_agrismart.TestFarms" name="test_create_list_get" time="0.413" /><testcase classname="backend.tests.test_agrismart.TestFarms" name="test_update" time="0.162" /><testcase classname="backend.tests.test_agrismart.TestFarms" name="test_other_user_farm_404" time="0.118" /><testcase classname="backend.tests.test_agrismart.TestSensors" name="test_sensors_current" time="0.197" /><testcase classname="backend.tests.test_agrismart.TestSensors" name="test_history_24h" time="0.122" /><testcase classname="backend.tests.test_agrismart.TestSensors" name="test_history_168h_fewer" time="0.281"><failure message="AssertionError: assert 29 &lt; 25&#10; +  where 29 = len([{'ambient_temperature': 34.0, 'humidity': 53.0, 'light_intensity': 75000.0, 'recorded_at': '2026-09-05T12:00:00+00:00', ...}, {'ambient_temperature': 28.0, 'humidity': 65.0, 'light_intensity': 15000.0, 'recorded_at': '2026-09-05T18:00:00+00:00', ...}, {'ambient_temperature': 22.0, 'humidity': 77.0, 'light_intensity': 0.0, 'recorded_at': '2026-09-06T00:00:00+00:00', ...}, {'ambient_temperature': 28.0, 'humidity': 65.0, 'light_intensity': 15000.0, 'recorded_at': '2026-09-06T06:00:00+00:00', ...}, {'ambient_temperature': 34.0, 'humidity': 53.0, 'light_intensity': 75000.0, 'recorded_at': '2026-09-06T12:00:00+00:00', ...}, {'ambient_temperature': 28.0, 'humidity': 65.0, 'light_intensity': 15000.0, 'recorded_at': '2026-09-06T18:00:00+00:00', ...}, ...])&#10; +  and   25 = len([{'ambient_temperature': 34.0, 'humidity': 53.0, 'light_intensity': 75000.0, 'recorded_at': '2026-09-11T12:00:00+00:00', ...}, {'ambient_temperature': 33.8, 'humidity': 53.4, 'light_intensity': 72956.0, 'recorded_at': '2026-09-11T13:00:00+00:00', ...}, {'ambient_temperature': 33.2, 'humidity': 54.6, 'light_intensity': 66962.0, 'recorded_at': '2026-09-11T14:00:00+00:00', ...}, {'ambient_temperature': 32.2, 'humidity': 56.5, 'light_intensity': 57426.0, 'recorded_at': '2026-09-11T15:00:00+00:00', ...}, {'ambient_temperature': 31.0, 'humidity': 59.0, 'light_intensity': 45000.0, 'recorded_at': '2026-09-11T16:00:00+00:00', ...}, {'ambient_temperature': 29.6, 'humidity': 61.9, 'light_intensity': 30529.0, 'recorded_at': '2026-09-11T17:00:00+00:00', ...}, ...])">backend/tests/test_agrismart.py:147: in test_history_168h_fewer
    assert len(r168["points"]) &lt; len(r24["points"])
E   AssertionError: assert 29 &lt; 25
E    +  where 29 = len([{'ambient_temperature': 34.0, 'humidity': 53.0, 'light_intensity': 75000.0, 'recorded_at': '2026-09-05T12:00:00+00:00', ...}, {'ambient_temperature': 28.0, 'humidity': 65.0, 'light_intensity': 15000.0, 'recorded_at': '2026-09-05T18:00:00+00:00', ...}, {'ambient_temperature': 22.0, 'humidity': 77.0, 'light_intensity': 0.0, 'recorded_at': '2026-09-06T00:00:00+00:00', ...}, {'ambient_temperature': 28.0, 'humidity': 65.0, 'light_intensity': 15000.0, 'recorded_at': '2026-09-06T06:00:00+00:00', ...}, {'ambient_temperature': 34.0, 'humidity': 53.0, 'light_intensity': 75000.0, 'recorded_at': '2026-09-06T12:00:00+00:00', ...}, {'ambient_temperature': 28.0, 'humidity': 65.0, 'light_intensity': 15000.0, 'recorded_at': '2026-09-06T18:00:00+00:00', ...}, ...])
E    +  and   25 = len([{'ambient_temperature': 34.0, 'humidity': 53.0, 'light_intensity': 75000.0, 'recorded_at': '2026-09-11T12:00:00+00:00', ...}, {'ambient_temperature': 33.8, 'humidity': 53.4, 'light_intensity': 72956.0, 'recorded_at': '2026-09-11T13:00:00+00:00', ...}, {'ambient_temperature': 33.2, 'humidity': 54.6, 'light_intensity': 66962.0, 'recorded_at': '2026-09-11T14:00:00+00:00', ...}, {'ambient_temperature': 32.2, 'humidity': 56.5, 'light_intensity': 57426.0, 'recorded_at': '2026-09-11T15:00:00+00:00', ...}, {'ambient_temperature': 31.0, 'humidity': 59.0, 'light_intensity': 45000.0, 'recorded_at': '2026-09-11T16:00:00+00:00', ...}, {'ambient_temperature': 29.6, 'humidity': 61.9, 'light_intensity': 30529.0, 'recorded_at': '2026-09-11T17:00:00+00:00', ...}, ...])</failure></testcase><testcase classname="backend.tests.test_agrismart.TestAlerts" name="test_farm_alerts" time="0.216" /><testcase classname="backend.tests.test_agrismart.TestCropRecommend" name="test_recommend" time="0.145" /><testcase classname="backend.tests.test_agrismart.TestCropRecommend" name="test_out_of_range_warning" time="0.134" /><testcase classname="backend.tests.test_agrismart.TestCropRecommend" name="test_autofill" time="0.188" /><testcase classname="backend.tests.test_agrismart.TestCropRecommend" name="test_crop_analyze_and_yield" time="0.288" /><testcase classname="backend.tests.test_agrismart.TestIrrigation" name="test_irrigation" time="0.194" /><testcase classname="backend.tests.test_agrismart.TestFertilizer" name="test_no_ai" time="0.123" /><testcase classname="backend.tests.test_agrismart.TestFertilizer" name="test_all_null" time="0.118" /><testcase classname="backend.tests.test_agrismart.TestFertilizer" name="test_with_ai" time="5.984" /><testcase classname="backend.tests.test_agrismart.TestChatbot" name="test_chat_and_history" time="4.112"><failure message="AssertionError: assert ('assistant' == 'user'&#10;  &#10;  - user&#10;  + assistant)">backend/tests/test_agrismart.py:262: in test_chat_and_history
    assert msgs[0]["role"] == "user" and msgs[1]["role"] == "assistant"
E   AssertionError: assert ('assistant' == 'user'
E     
E     - user
E     + assistant)</failure></testcase><testcase classname="backend.tests.test_agrismart.TestChatbot" name="test_quick_questions_ta" time="0.119" /><testcase classname="backend.tests.test_agrismart.TestTTS" name="test_tts" time="2.276" /><testcase classname="backend.tests.test_agrismart.TestReport" name="test_pdf" time="0.289" /><testcase classname="backend.tests.test_agrismart.TestSystem" name="test_system_status" time="0.127" /><testcase classname="backend.tests.test_agrismart.TestSystem" name="test_ml_info" time="0.123" /><testcase classname="backend.tests.test_agrismart.TestSystem" name="test_schemes" time="0.141" /><testcase classname="backend.tests.test_agrismart.TestRoles" name="test_farmer_denied_admin_users" time="0.120" /><testcase classname="backend.tests.test_agrismart.TestRoles" name="test_officer_officer_farms" time="0.112" /><testcase classname="backend.tests.test_agrismart.TestRoles" name="test_officer_admin_stats" time="0.262" /></testsuite></testsuites>